[2023-05-02 12:58:05Z INFO HostContext] No proxy settings were found based on environmental variables (http_proxy/https_proxy/HTTP_PROXY/HTTPS_PROXY)
[2023-05-02 12:58:05Z INFO HostContext] Well known directory 'Bin': 'D:\Portfolio\Portfolio-master\actions-runner\bin'
[2023-05-02 12:58:05Z INFO HostContext] Well known directory 'Root': 'D:\Portfolio\Portfolio-master\actions-runner'
[2023-05-02 12:58:05Z INFO HostContext] Well known config file 'Credentials': 'D:\Portfolio\Portfolio-master\actions-runner\.credentials'
[2023-05-02 12:58:05Z INFO HostContext] Well known directory 'Bin': 'D:\Portfolio\Portfolio-master\actions-runner\bin'
[2023-05-02 12:58:05Z INFO HostContext] Well known directory 'Root': 'D:\Portfolio\Portfolio-master\actions-runner'
[2023-05-02 12:58:05Z INFO HostContext] Well known config file 'Runner': 'D:\Portfolio\Portfolio-master\actions-runner\.runner'
[2023-05-02 12:58:05Z INFO Listener] Runner is built for Windows (X64) - win-x64.
[2023-05-02 12:58:05Z INFO Listener] RuntimeInformation: Microsoft Windows 10.0.19043.
[2023-05-02 12:58:05Z INFO Listener] Version: 2.304.0
[2023-05-02 12:58:05Z INFO Listener] Commit: 9ef4121b5b31ee5c03b7770288213d741081f747
[2023-05-02 12:58:05Z INFO Listener] Culture: en-US
[2023-05-02 12:58:05Z INFO Listener] UI Culture: en-US
[2023-05-02 12:58:05Z INFO HostContext] Well known directory 'Bin': 'D:\Portfolio\Portfolio-master\actions-runner\bin'
[2023-05-02 12:58:05Z INFO HostContext] Well known directory 'Root': 'D:\Portfolio\Portfolio-master\actions-runner'
[2023-05-02 12:58:05Z INFO Listener] Validating directory permissions for: 'D:\Portfolio\Portfolio-master\actions-runner'
[2023-05-02 12:58:05Z INFO CommandLineParser] Parse
[2023-05-02 12:58:05Z INFO CommandLineParser] Parsing 5 args
[2023-05-02 12:58:05Z INFO CommandLineParser] parsing argument
[2023-05-02 12:58:05Z INFO CommandLineParser] HasArgs: False
[2023-05-02 12:58:05Z INFO CommandLineParser] Adding Command: configure
[2023-05-02 12:58:05Z INFO CommandLineParser] parsing argument
[2023-05-02 12:58:05Z INFO CommandLineParser] HasArgs: True
[2023-05-02 12:58:05Z INFO CommandLineParser] arg: url
[2023-05-02 12:58:05Z INFO CommandLineParser] parsing argument
[2023-05-02 12:58:05Z INFO CommandLineParser] HasArgs: True
[2023-05-02 12:58:05Z INFO CommandLineParser] Adding option 'url': 'https://github.com/LyleRowe/ShopStore'
[2023-05-02 12:58:05Z INFO CommandLineParser] parsing argument
[2023-05-02 12:58:05Z INFO CommandLineParser] HasArgs: True
[2023-05-02 12:58:05Z INFO CommandLineParser] arg: token
[2023-05-02 12:58:05Z INFO CommandLineParser] parsing argument
[2023-05-02 12:58:05Z INFO CommandLineParser] HasArgs: True
[2023-05-02 12:58:05Z INFO CommandLineParser] Adding option 'token': '***'
[2023-05-02 12:58:05Z INFO Listener] Arguments parsed
[2023-05-02 12:58:05Z INFO Runner] ExecuteCommand
[2023-05-02 12:58:05Z INFO ConfigurationStore] currentAssemblyLocation: D:\Portfolio\Portfolio-master\actions-runner\bin\Runner.Listener.dll
[2023-05-02 12:58:05Z INFO HostContext] Well known directory 'Bin': 'D:\Portfolio\Portfolio-master\actions-runner\bin'
[2023-05-02 12:58:05Z INFO ConfigurationStore] binPath: D:\Portfolio\Portfolio-master\actions-runner\bin
[2023-05-02 12:58:05Z INFO HostContext] Well known directory 'Bin': 'D:\Portfolio\Portfolio-master\actions-runner\bin'
[2023-05-02 12:58:05Z INFO HostContext] Well known directory 'Root': 'D:\Portfolio\Portfolio-master\actions-runner'
[2023-05-02 12:58:05Z INFO ConfigurationStore] RootFolder: D:\Portfolio\Portfolio-master\actions-runner
[2023-05-02 12:58:05Z INFO HostContext] Well known directory 'Bin': 'D:\Portfolio\Portfolio-master\actions-runner\bin'
[2023-05-02 12:58:05Z INFO HostContext] Well known directory 'Root': 'D:\Portfolio\Portfolio-master\actions-runner'
[2023-05-02 12:58:05Z INFO HostContext] Well known config file 'Runner': 'D:\Portfolio\Portfolio-master\actions-runner\.runner'
[2023-05-02 12:58:05Z INFO ConfigurationStore] ConfigFilePath: D:\Portfolio\Portfolio-master\actions-runner\.runner
[2023-05-02 12:58:05Z INFO HostContext] Well known directory 'Bin': 'D:\Portfolio\Portfolio-master\actions-runner\bin'
[2023-05-02 12:58:05Z INFO HostContext] Well known directory 'Root': 'D:\Portfolio\Portfolio-master\actions-runner'
[2023-05-02 12:58:05Z INFO HostContext] Well known config file 'Credentials': 'D:\Portfolio\Portfolio-master\actions-runner\.credentials'
[2023-05-02 12:58:05Z INFO ConfigurationStore] CredFilePath: D:\Portfolio\Portfolio-master\actions-runner\.credentials
[2023-05-02 12:58:05Z INFO HostContext] Well known directory 'Bin': 'D:\Portfolio\Portfolio-master\actions-runner\bin'
[2023-05-02 12:58:05Z INFO HostContext] Well known directory 'Root': 'D:\Portfolio\Portfolio-master\actions-runner'
[2023-05-02 12:58:05Z INFO HostContext] Well known config file 'MigratedCredentials': 'D:\Portfolio\Portfolio-master\actions-runner\.credentials_migrated'
[2023-05-02 12:58:05Z INFO ConfigurationStore] MigratedCredFilePath: D:\Portfolio\Portfolio-master\actions-runner\.credentials_migrated
[2023-05-02 12:58:05Z INFO HostContext] Well known directory 'Bin': 'D:\Portfolio\Portfolio-master\actions-runner\bin'
[2023-05-02 12:58:05Z INFO HostContext] Well known directory 'Root': 'D:\Portfolio\Portfolio-master\actions-runner'
[2023-05-02 12:58:05Z INFO HostContext] Well known config file 'Service': 'D:\Portfolio\Portfolio-master\actions-runner\.service'
[2023-05-02 12:58:05Z INFO ConfigurationStore] ServiceConfigFilePath: D:\Portfolio\Portfolio-master\actions-runner\.service
[2023-05-02 12:58:05Z INFO CommandSettings] Flag 'help': 'False'
[2023-05-02 12:58:05Z INFO CommandSettings] Flag 'version': 'False'
[2023-05-02 12:58:05Z INFO CommandSettings] Flag 'commit': 'False'
[2023-05-02 12:58:05Z INFO CommandSettings] Flag 'check': 'False'
[2023-05-02 12:58:05Z INFO CommandSettings] Command 'configure': 'True'
[2023-05-02 12:58:05Z INFO Terminal] WRITE LINE: 
[2023-05-02 12:58:05Z INFO Terminal] WRITE LINE: --------------------------------------------------------------------------------
[2023-05-02 12:58:05Z INFO Terminal] WRITE LINE: |        ____ _ _   _   _       _          _        _   _                      |
[2023-05-02 12:58:05Z INFO Terminal] WRITE LINE: |       / ___(_) |_| | | |_   _| |__      / \   ___| |_(_) ___  _ __  ___      |
[2023-05-02 12:58:05Z INFO Terminal] WRITE LINE: |      | |  _| | __| |_| | | | | '_ \    / _ \ / __| __| |/ _ \| '_ \/ __|     |
[2023-05-02 12:58:05Z INFO Terminal] WRITE LINE: |      | |_| | | |_|  _  | |_| | |_) |  / ___ \ (__| |_| | (_) | | | \__ \     |
[2023-05-02 12:58:05Z INFO Terminal] WRITE LINE: |       \____|_|\__|_| |_|\__,_|_.__/  /_/   \_\___|\__|_|\___/|_| |_|___/     |
[2023-05-02 12:58:05Z INFO Terminal] WRITE LINE: |                                                                              |
[2023-05-02 12:58:05Z INFO Terminal] WRITE: |                       
[2023-05-02 12:58:05Z INFO Terminal] WRITE: Self-hosted runner registration
[2023-05-02 12:58:05Z INFO Terminal] WRITE LINE:                         |
[2023-05-02 12:58:05Z INFO Terminal] WRITE LINE: |                                                                              |
[2023-05-02 12:58:05Z INFO Terminal] WRITE LINE: --------------------------------------------------------------------------------
[2023-05-02 12:58:05Z INFO ConfigurationManager] ConfigureAsync
[2023-05-02 12:58:05Z INFO CommandSettings] Flag 'generateServiceConfig': 'False'
[2023-05-02 12:58:05Z INFO ConfigurationStore] IsConfigured()
[2023-05-02 12:58:05Z INFO ConfigurationStore] IsConfigured: False
[2023-05-02 12:58:05Z INFO ConfigurationManager] Is configured: False
[2023-05-02 12:58:05Z INFO CommandSettings] Arg 'url': 'https://github.com/LyleRowe/ShopStore'
[2023-05-02 12:58:05Z INFO CommandSettings] Remove url from Arg dictionary.
[2023-05-02 12:58:05Z INFO CommandSettings] Arg 'token': '***'
[2023-05-02 12:58:05Z INFO CommandSettings] Remove token from Arg dictionary.
[2023-05-02 12:58:07Z INFO ConfigurationManager] Http response code: OK from 'POST https://api.github.com/actions/runner-registration' (94F2:77CF:EF7982:F9733D:6450D0A6)
[2023-05-02 12:58:07Z INFO Terminal] WRITE LINE: Using V2 flow: False
[2023-05-02 12:58:07Z INFO ConfigurationManager] cred retrieved via GitHub auth
[2023-05-02 12:58:07Z INFO RunnerServer] EstablishVssConnection
[2023-05-02 12:58:07Z INFO RunnerServer] Establish connection with 100 seconds timeout.
[2023-05-02 12:58:07Z INFO GitHubActionsService] Starting operation Location.GetConnectionData
[2023-05-02 12:58:07Z INFO RunnerServer] EstablishVssConnection
[2023-05-02 12:58:07Z INFO RunnerServer] Establish connection with 60 seconds timeout.
[2023-05-02 12:58:07Z INFO GitHubActionsService] Starting operation Location.GetConnectionData
[2023-05-02 12:58:07Z INFO RunnerServer] EstablishVssConnection
[2023-05-02 12:58:07Z INFO RunnerServer] Establish connection with 60 seconds timeout.
[2023-05-02 12:58:07Z INFO GitHubActionsService] Starting operation Location.GetConnectionData
[2023-05-02 12:58:09Z INFO GitHubActionsService] Finished operation Location.GetConnectionData
[2023-05-02 12:58:09Z INFO GitHubActionsService] Finished operation Location.GetConnectionData
[2023-05-02 12:58:09Z INFO GitHubActionsService] Finished operation Location.GetConnectionData
[2023-05-02 12:58:09Z INFO Terminal] WRITE LINE: 
[2023-05-02 12:58:09Z INFO ConfigurationManager] Test Connection complete.
[2023-05-02 12:58:09Z INFO HostContext] Well known directory 'Bin': 'D:\Portfolio\Portfolio-master\actions-runner\bin'
[2023-05-02 12:58:09Z INFO HostContext] Well known directory 'Root': 'D:\Portfolio\Portfolio-master\actions-runner'
[2023-05-02 12:58:09Z INFO HostContext] Well known config file 'RSACredentials': 'D:\Portfolio\Portfolio-master\actions-runner\.credentials_rsaparams'
[2023-05-02 12:58:09Z INFO RSAEncryptedFileKeyManager] Found existing RSA key parameters file D:\Portfolio\Portfolio-master\actions-runner\.credentials_rsaparams
[2023-05-02 12:58:10Z INFO CommandSettings] Arg 'runnergroup': ''
[2023-05-02 12:58:10Z INFO CommandSettings] Flag 'unattended': 'False'
[2023-05-02 12:58:10Z INFO PromptManager] ReadValue
[2023-05-02 12:58:10Z INFO Terminal] WRITE: Enter the name of the runner group to add this runner to: 
[2023-05-02 12:58:10Z INFO Terminal] WRITE: [press Enter for Default] 
[2023-05-02 12:58:10Z INFO Terminal] READ LINE
[2023-05-02 12:58:21Z INFO Terminal] Read value: 'LyleRowe'
[2023-05-02 12:58:21Z INFO Terminal] WRITE LINE: 
[2023-05-02 12:58:21Z ERR  Runner] GitHub.DistributedTask.WebApi.TaskAgentPoolNotFoundException: Could not find any self-hosted runner group named "LyleRowe".
   at GitHub.Runner.Listener.Configuration.ConfigurationManager.ConfigureAsync(CommandSettings command)
   at GitHub.Runner.Listener.Runner.ExecuteCommand(CommandSettings command)
[2023-05-02 12:58:21Z ERR  Terminal] WRITE ERROR: Could not find any self-hosted runner group named "LyleRowe".
[2023-05-02 12:58:21Z INFO Listener] Runner execution has finished with return code 1
